24-May-2018 11:55:07.582 INFO [main] org.apache.catalina.core.AprLifecycleListener.lifecycleEvent The APR based Apache Tomcat Native library which allows optimal performance in production environments was not found on the java.library.path: [C:\Program Files\Java\jdk1.8.0_161\jre\bin;C:\WINDOWS\Sun\Java\bin;C:\WINDOWS\system32;C:\WINDOWS;C:\ProgramData\Oracle\Java\javapath;C:\WINDOWS\system32;C:\WINDOWS;C:\WINDOWS\System32\Wbem;C:\WINDOWS\System32\WindowsPowerShell\v1.0\;C:\Program Files\Java\jdk1.8.0_161\bin;C:\Program Files (x86)\apache-maven-3.5.3-bin\apache-maven-3.5.3\bin;C:\apache-maven-3.5.3\bin;C:\Program Files\nodejs\;C:\Program Files (x86)\Yarn\bin\;C:\WINDOWS\System32\OpenSSH\;C:\Users\vassit\AppData\Local\Microsoft\WindowsApps;C:\Users\vassit\AppData\Local\GitHubDesktop\bin;C:\Users\vassit\AppData\Roaming\npm;C:\Users\vassit\AppData\Local\Yarn\bin;%USERPROFILE%\AppData\Local\Microsoft\WindowsApps;;.]
24-May-2018 11:55:08.831 INFO [main] org.apache.coyote.AbstractProtocol.init Initializing ProtocolHandler ["http-nio-8080"]
24-May-2018 11:55:09.470 INFO [main] org.apache.tomcat.util.net.NioSelectorPool.getSharedSelector Using a shared selector for servlet write/read
24-May-2018 11:55:09.470 INFO [main] org.apache.coyote.AbstractProtocol.init Initializing ProtocolHandler ["ajp-nio-8009"]
24-May-2018 11:55:09.485 INFO [main] org.apache.tomcat.util.net.NioSelectorPool.getSharedSelector Using a shared selector for servlet write/read
24-May-2018 11:55:09.485 INFO [main] org.apache.catalina.startup.Catalina.load Initialization processed in 5537 ms
24-May-2018 11:55:09.829 INFO [main] org.apache.catalina.core.StandardService.startInternal Starting service [Catalina]
24-May-2018 11:55:09.829 INFO [main] org.apache.catalina.core.StandardEngine.startInternal Starting Servlet Engine: Apache Tomcat/8.5.23
24-May-2018 11:55:09.891 INFO [localhost-startStop-1] org.apache.catalina.startup.HostConfig.deployWAR Deploying web application archive [C:\Users\vassit\Documents\GitHub\Test-Project\project\target\tomcat8x\webapps\cargocpc.war]
24-May-2018 11:55:11.109 INFO [localhost-startStop-1] org.apache.catalina.startup.HostConfig.deployWAR Deployment of web application archive [C:\Users\vassit\Documents\GitHub\Test-Project\project\target\tomcat8x\webapps\cargocpc.war] has finished in [1,202] ms
24-May-2018 11:55:11.109 INFO [localhost-startStop-1] org.apache.catalina.startup.HostConfig.deployWAR Deploying web application archive [C:\Users\vassit\Documents\GitHub\Test-Project\project\target\tomcat8x\webapps\cms.war]
24-May-2018 11:56:13.954 INFO [localhost-startStop-1] org.apache.catalina.startup.HostConfig.deployWAR Deployment of web application archive [C:\Users\vassit\Documents\GitHub\Test-Project\project\target\tomcat8x\webapps\cms.war] has finished in [62,845] ms
24-May-2018 11:56:13.962 INFO [localhost-startStop-1] org.apache.catalina.startup.HostConfig.deployWAR Deploying web application archive [C:\Users\vassit\Documents\GitHub\Test-Project\project\target\tomcat8x\webapps\essentials.war]
24-May-2018 11:56:41.751 INFO [localhost-startStop-1] org.apache.cxf.endpoint.ServerImpl.initDestination Setting the server's publish address to be /
24-May-2018 11:56:42.845 INFO [localhost-startStop-1] org.apache.cxf.endpoint.ServerImpl.initDestination Setting the server's publish address to be /system
24-May-2018 11:56:42.861 INFO [localhost-startStop-1] org.apache.catalina.startup.HostConfig.deployWAR Deployment of web application archive [C:\Users\vassit\Documents\GitHub\Test-Project\project\target\tomcat8x\webapps\essentials.war] has finished in [28,899] ms
24-May-2018 11:56:42.877 INFO [localhost-startStop-1] org.apache.catalina.startup.HostConfig.deployWAR Deploying web application archive [C:\Users\vassit\Documents\GitHub\Test-Project\project\target\tomcat8x\webapps\site.war]
24-May-2018 11:56:42.877 INFO [localhost-startStop-1] org.apache.catalina.realm.JAASRealm.setUseContextClassLoader Setting useContextClassLoader = true
24-May-2018 11:57:05.111 INFO [localhost-startStop-1] org.apache.catalina.startup.HostConfig.deployWAR Deployment of web application archive [C:\Users\vassit\Documents\GitHub\Test-Project\project\target\tomcat8x\webapps\site.war] has finished in [22,234] ms
24-May-2018 11:57:05.111 INFO [localhost-startStop-1] org.apache.catalina.startup.HostConfig.deployDirectory Deploying web application directory [C:\Users\vassit\Documents\GitHub\Test-Project\project\target\tomcat8x\webapps\host-manager]
24-May-2018 11:57:05.220 INFO [localhost-startStop-1] org.apache.catalina.startup.HostConfig.deployDirectory Deployment of web application directory [C:\Users\vassit\Documents\GitHub\Test-Project\project\target\tomcat8x\webapps\host-manager] has finished in [109] ms
24-May-2018 11:57:05.220 INFO [localhost-startStop-1] org.apache.catalina.startup.HostConfig.deployDirectory Deploying web application directory [C:\Users\vassit\Documents\GitHub\Test-Project\project\target\tomcat8x\webapps\manager]
24-May-2018 11:57:05.329 INFO [localhost-startStop-1] org.apache.catalina.startup.HostConfig.deployDirectory Deployment of web application directory [C:\Users\vassit\Documents\GitHub\Test-Project\project\target\tomcat8x\webapps\manager] has finished in [109] ms
24-May-2018 11:57:05.329 INFO [main] org.apache.coyote.AbstractProtocol.start Starting ProtocolHandler ["http-nio-8080"]
24-May-2018 11:57:05.345 INFO [main] org.apache.coyote.AbstractProtocol.start Starting ProtocolHandler ["ajp-nio-8009"]
24-May-2018 11:57:05.361 INFO [main] org.apache.catalina.startup.Catalina.start Server startup in 115871 ms
24-May-2018 11:57:43.740 INFO [http-nio-8080-exec-2] org.apache.cxf.endpoint.ServerImpl.initDestination Setting the server's publish address to be /dynamic
