24.05.2018 11:58:46 WARN  http-nio-8080-exec-5 [WebApplicationExceptionMapper.toResponse:72] javax.ws.rs.ClientErrorException: HTTP 404 Not Found
	at org.apache.cxf.jaxrs.utils.SpecExceptions.toHttpException(SpecExceptions.java:117)
	at org.apache.cxf.jaxrs.utils.ExceptionUtils.toHttpException(ExceptionUtils.java:169)
	at org.apache.cxf.jaxrs.utils.JAXRSUtils.findTargetMethod(JAXRSUtils.java:537)
	at org.apache.cxf.jaxrs.interceptor.JAXRSInInterceptor.processRequest(JAXRSInInterceptor.java:177)
	at org.apache.cxf.jaxrs.interceptor.JAXRSInInterceptor.handleMessage(JAXRSInInterceptor.java:77)
	at org.apache.cxf.phase.PhaseInterceptorChain.doIntercept(PhaseInterceptorChain.java:308)
	at org.apache.cxf.transport.ChainInitiationObserver.onMessage(ChainInitiationObserver.java:121)
	at org.apache.cxf.transport.http.AbstractHTTPDestination.invoke(AbstractHTTPDestination.java:267)
	at org.apache.cxf.transport.servlet.ServletController.invokeDestination(ServletController.java:234)
	at org.apache.cxf.transport.servlet.ServletController.invoke(ServletController.java:208)
	at org.apache.cxf.transport.servlet.ServletController.invoke(ServletController.java:160)
	at org.hippoecm.hst.jaxrs.cxf.CXFJaxrsService.invoke(CXFJaxrsService.java:147)
	at org.hippoecm.hst.pagecomposer.jaxrs.cxf.CXFJaxrsHstConfigService.invoke(CXFJaxrsHstConfigService.java:142)
	at org.hippoecm.hst.core.container.JaxrsRestServiceValve.invoke(JaxrsRestServiceValve.java:38)
	at org.hippoecm.hst.core.container.HstSitePipeline$Invocation.invokeNext(HstSitePipeline.java:288)
	at org.hippoecm.hst.core.container.GenericResponseHeadersValve.invoke(GenericResponseHeadersValve.java:83)
	at org.hippoecm.hst.core.container.HstSitePipeline$Invocation.invokeNext(HstSitePipeline.java:288)
	at org.hippoecm.hst.core.container.CmsSecurityValve.invoke(CmsSecurityValve.java:162)
	at org.hippoecm.hst.core.container.HstSitePipeline$Invocation.invokeNext(HstSitePipeline.java:288)
	at org.hippoecm.hst.core.container.CmsHostRestRequestContextValve.invoke(CmsHostRestRequestContextValve.java:48)
	at org.hippoecm.hst.core.container.HstSitePipeline$Invocation.invokeNext(HstSitePipeline.java:288)
	at org.hippoecm.hst.core.container.InitializationValve.invoke(InitializationValve.java:49)
	at org.hippoecm.hst.core.container.HstSitePipeline$Invocation.invokeNext(HstSitePipeline.java:288)
	at org.hippoecm.hst.core.container.HstSitePipeline.invokeValves(HstSitePipeline.java:173)
	at org.hippoecm.hst.core.container.HstSitePipeline.invoke(HstSitePipeline.java:155)
	at org.hippoecm.hst.core.container.HstRequestProcessorImpl.processRequest(HstRequestProcessorImpl.java:79)
	at org.hippoecm.hst.container.HstDelegateeFilterBean.doFilter(HstDelegateeFilterBean.java:407)
	at org.hippoecm.hst.container.DelegatingFilter.doFilter(DelegatingFilter.java:84)
	at org.hippoecm.hst.container.HstFilter.doFilter(HstFilter.java:51)
	at org.apache.catalina.core.ApplicationFilterChain.internalDoFilter(ApplicationFilterChain.java:193)
	at org.apache.catalina.core.ApplicationFilterChain.doFilter(ApplicationFilterChain.java:166)
	at org.hippoecm.hst.container.XSSUrlFilter.doFilter(XSSUrlFilter.java:51)
	at org.apache.catalina.core.ApplicationFilterChain.internalDoFilter(ApplicationFilterChain.java:193)
	at org.apache.catalina.core.ApplicationFilterChain.doFilter(ApplicationFilterChain.java:166)
	at org.springframework.web.filter.CharacterEncodingFilter.doFilterInternal(CharacterEncodingFilter.java:121)
	at org.springframework.web.filter.OncePerRequestFilter.doFilter(OncePerRequestFilter.java:107)
	at org.apache.catalina.core.ApplicationFilterChain.internalDoFilter(ApplicationFilterChain.java:193)
	at org.apache.catalina.core.ApplicationFilterChain.doFilter(ApplicationFilterChain.java:166)
	at org.apache.catalina.core.StandardWrapperValve.invoke(StandardWrapperValve.java:199)
	at org.apache.catalina.core.StandardContextValve.invoke(StandardContextValve.java:96)
	at org.apache.catalina.authenticator.AuthenticatorBase.invoke(AuthenticatorBase.java:478)
	at org.apache.catalina.core.StandardHostValve.invoke(StandardHostValve.java:140)
	at org.apache.catalina.valves.ErrorReportValve.invoke(ErrorReportValve.java:81)
	at org.apache.catalina.valves.AbstractAccessLogValve.invoke(AbstractAccessLogValve.java:650)
	at org.apache.catalina.core.StandardEngineValve.invoke(StandardEngineValve.java:87)
	at org.apache.catalina.connector.CoyoteAdapter.service(CoyoteAdapter.java:342)
	at org.apache.coyote.http11.Http11Processor.service(Http11Processor.java:803)
	at org.apache.coyote.AbstractProcessorLight.process(AbstractProcessorLight.java:66)
	at org.apache.coyote.AbstractProtocol$ConnectionHandler.process(AbstractProtocol.java:868)
	at org.apache.tomcat.util.net.NioEndpoint$SocketProcessor.doRun(NioEndpoint.java:1459)
	at org.apache.tomcat.util.net.SocketProcessorBase.run(SocketProcessorBase.java:49)
	at java.util.concurrent.ThreadPoolExecutor.runWorker(ThreadPoolExecutor.java:1149)
	at java.util.concurrent.ThreadPoolExecutor$Worker.run(ThreadPoolExecutor.java:624)
	at org.apache.tomcat.util.threads.TaskThread$WrappingRunnable.run(TaskThread.java:61)
	at java.lang.Thread.run(Thread.java:748)

